{"C:\\Users\\HP\\Documents\\ETNA\\Bachelor\\group-1038054\\PLI-API\\src\\services\\Trips.service.ts": {"path":"C:\\Users\\HP\\Documents\\ETNA\\Bachelor\\group-1038054\\PLI-API\\src\\services\\Trips.service.ts","statementMap":{"0":{"start":{"line":1,"column":0},"end":{"line":1,"column":46}},"1":{"start":{"line":3,"column":0},"end":{"line":3,"column":36}},"2":{"start":{"line":5,"column":15},"end":{"line":5,"column":33}},"3":{"start":{"line":16,"column":2},"end":{"line":26,"column":5}},"4":{"start":{"line":7,"column":0},"end":{"line":7,"column":22}},"5":{"start":{"line":37,"column":21},"end":{"line":37,"column":57}},"6":{"start":{"line":38,"column":2},"end":{"line":49,"column":5}},"7":{"start":{"line":29,"column":0},"end":{"line":29,"column":22}},"8":{"start":{"line":53,"column":2},"end":{"line":94,"column":null}},"9":{"start":{"line":54,"column":15},"end":{"line":54,"column":38}},"10":{"start":{"line":55,"column":4},"end":{"line":61,"column":7}},"11":{"start":{"line":63,"column":4},"end":{"line":69,"column":7}},"12":{"start":{"line":70,"column":4},"end":{"line":74,"column":7}},"13":{"start":{"line":75,"column":4},"end":{"line":79,"column":7}},"14":{"start":{"line":80,"column":4},"end":{"line":84,"column":7}},"15":{"start":{"line":86,"column":4},"end":{"line":86,"column":44}},"16":{"start":{"line":88,"column":4},"end":{"line":92,"column":null}},"17":{"start":{"line":89,"column":6},"end":{"line":89,"column":70}},"18":{"start":{"line":91,"column":6},"end":{"line":91,"column":62}},"19":{"start":{"line":93,"column":4},"end":{"line":93,"column":68}},"20":{"start":{"line":52,"column":0},"end":{"line":52,"column":22}}},"fnMap":{"0":{"name":"createTrip","decl":{"start":{"line":7,"column":22},"end":{"line":7,"column":32}},"loc":{"start":{"line":15,"column":1},"end":{"line":27,"column":null}}},"1":{"name":"updateTrip","decl":{"start":{"line":29,"column":22},"end":{"line":29,"column":32}},"loc":{"start":{"line":36,"column":1},"end":{"line":50,"column":null}}},"2":{"name":"deleteTrip","decl":{"start":{"line":52,"column":22},"end":{"line":52,"column":32}},"loc":{"start":{"line":52,"column":60},"end":{"line":95,"column":null}}}},"branchMap":{"0":{"loc":{"start":{"line":24,"column":16},"end":{"line":24,"column":38}},"type":"cond-expr","locations":[{"start":{"line":24,"column":29},"end":{"line":24,"column":33}},{"start":{"line":24,"column":33},"end":{"line":24,"column":38}}]},"1":{"loc":{"start":{"line":24,"column":16},"end":{"line":24,"column":33}},"type":"binary-expr","locations":[{"start":{"line":24,"column":16},"end":{"line":24,"column":33}},{"start":{"line":24,"column":29},"end":{"line":24,"column":33}}]},"2":{"loc":{"start":{"line":37,"column":21},"end":{"line":37,"column":57}},"type":"cond-expr","locations":[{"start":{"line":37,"column":37},"end":{"line":37,"column":45}},{"start":{"line":37,"column":48},"end":{"line":37,"column":57}}]},"3":{"loc":{"start":{"line":43,"column":17},"end":{"line":43,"column":70}},"type":"cond-expr","locations":[{"start":{"line":43,"column":34},"end":{"line":43,"column":58}},{"start":{"line":43,"column":61},"end":{"line":43,"column":70}}]},"4":{"loc":{"start":{"line":44,"column":15},"end":{"line":44,"column":64}},"type":"cond-expr","locations":[{"start":{"line":44,"column":30},"end":{"line":44,"column":52}},{"start":{"line":44,"column":55},"end":{"line":44,"column":64}}]},"5":{"loc":{"start":{"line":88,"column":4},"end":{"line":92,"column":null}},"type":"if","locations":[{"start":{"line":88,"column":4},"end":{"line":92,"column":null}},{"start":{"line":90,"column":11},"end":{"line":92,"column":null}}]}},"s":{"0":1,"1":1,"2":1,"3":5,"4":1,"5":1,"6":1,"7":1,"8":2,"9":2,"10":2,"11":2,"12":2,"13":2,"14":2,"15":1,"16":1,"17":1,"18":0,"19":1,"20":1},"f":{"0":5,"1":1,"2":2},"b":{"0":[5,0],"1":[5,5],"2":[0,1],"3":[0,1],"4":[0,1],"5":[1,0]}}
,"C:\\Users\\HP\\Documents\\ETNA\\Bachelor\\group-1038054\\PLI-API\\src\\services\\Users.service.ts": {"path":"C:\\Users\\HP\\Documents\\ETNA\\Bachelor\\group-1038054\\PLI-API\\src\\services\\Users.service.ts","statementMap":{"0":{"start":{"line":3,"column":0},"end":{"line":3,"column":46}},"1":{"start":{"line":4,"column":0},"end":{"line":4,"column":24}},"2":{"start":{"line":5,"column":0},"end":{"line":5,"column":28}},"3":{"start":{"line":6,"column":0},"end":{"line":6,"column":31}},"4":{"start":{"line":8,"column":15},"end":{"line":8,"column":33}},"5":{"start":{"line":11,"column":2},"end":{"line":16,"column":null}},"6":{"start":{"line":12,"column":23},"end":{"line":12,"column":66}},"7":{"start":{"line":13,"column":4},"end":{"line":13,"column":45}},"8":{"start":{"line":14,"column":9},"end":{"line":16,"column":null}},"9":{"start":{"line":15,"column":4},"end":{"line":15,"column":15}},"10":{"start":{"line":17,"column":2},"end":{"line":17,"column":14}},"11":{"start":{"line":22,"column":2},"end":{"line":69,"column":null}},"12":{"start":{"line":23,"column":24},"end":{"line":23,"column":32}},"13":{"start":{"line":24,"column":17},"end":{"line":24,"column":54}},"14":{"start":{"line":26,"column":24},"end":{"line":35,"column":6}},"15":{"start":{"line":37,"column":18},"end":{"line":43,"column":null}},"16":{"start":{"line":46,"column":19},"end":{"line":58,"column":6}},"17":{"start":{"line":60,"column":4},"end":{"line":60,"column":33}},"18":{"start":{"line":62,"column":4},"end":{"line":67,"column":null}},"19":{"start":{"line":63,"column":20},"end":{"line":63,"column":67}},"20":{"start":{"line":64,"column":6},"end":{"line":66,"column":null}},"21":{"start":{"line":65,"column":8},"end":{"line":65,"column":73}},"22":{"start":{"line":68,"column":4},"end":{"line":68,"column":63}},"23":{"start":{"line":21,"column":0},"end":{"line":21,"column":22}},"24":{"start":{"line":74,"column":2},"end":{"line":104,"column":null}},"25":{"start":{"line":75,"column":15},"end":{"line":75,"column":38}},"26":{"start":{"line":76,"column":31},"end":{"line":76,"column":39}},"27":{"start":{"line":78,"column":4},"end":{"line":80,"column":null}},"28":{"start":{"line":79,"column":6},"end":{"line":79,"column":146}},"29":{"start":{"line":81,"column":4},"end":{"line":83,"column":null}},"30":{"start":{"line":82,"column":6},"end":{"line":82,"column":126}},"31":{"start":{"line":85,"column":17},"end":{"line":85,"column":64}},"32":{"start":{"line":86,"column":4},"end":{"line":88,"column":null}},"33":{"start":{"line":87,"column":6},"end":{"line":87,"column":61}},"34":{"start":{"line":90,"column":28},"end":{"line":90,"column":79}},"35":{"start":{"line":91,"column":4},"end":{"line":93,"column":null}},"36":{"start":{"line":92,"column":6},"end":{"line":92,"column":75}},"37":{"start":{"line":95,"column":30},"end":{"line":95,"column":71}},"38":{"start":{"line":96,"column":4},"end":{"line":99,"column":7}},"39":{"start":{"line":101,"column":4},"end":{"line":101,"column":65}},"40":{"start":{"line":103,"column":4},"end":{"line":103,"column":92}},"41":{"start":{"line":73,"column":0},"end":{"line":73,"column":22}},"42":{"start":{"line":109,"column":2},"end":{"line":139,"column":null}},"43":{"start":{"line":110,"column":15},"end":{"line":110,"column":38}},"44":{"start":{"line":111,"column":24},"end":{"line":111,"column":32}},"45":{"start":{"line":114,"column":4},"end":{"line":116,"column":null}},"46":{"start":{"line":115,"column":6},"end":{"line":115,"column":51}},"47":{"start":{"line":118,"column":25},"end":{"line":118,"column":72}},"48":{"start":{"line":119,"column":4},"end":{"line":121,"column":null}},"49":{"start":{"line":120,"column":6},"end":{"line":120,"column":52}},"50":{"start":{"line":123,"column":4},"end":{"line":133,"column":7}},"51":{"start":{"line":135,"column":24},"end":{"line":135,"column":71}},"52":{"start":{"line":136,"column":4},"end":{"line":136,"column":38}},"53":{"start":{"line":138,"column":4},"end":{"line":138,"column":63}},"54":{"start":{"line":108,"column":0},"end":{"line":108,"column":22}},"55":{"start":{"line":144,"column":2},"end":{"line":160,"column":null}},"56":{"start":{"line":145,"column":15},"end":{"line":145,"column":38}},"57":{"start":{"line":147,"column":4},"end":{"line":149,"column":null}},"58":{"start":{"line":148,"column":6},"end":{"line":148,"column":53}},"59":{"start":{"line":151,"column":25},"end":{"line":151,"column":72}},"60":{"start":{"line":152,"column":4},"end":{"line":154,"column":null}},"61":{"start":{"line":153,"column":6},"end":{"line":153,"column":52}},"62":{"start":{"line":156,"column":4},"end":{"line":156,"column":48}},"63":{"start":{"line":157,"column":4},"end":{"line":157,"column":41}},"64":{"start":{"line":159,"column":4},"end":{"line":159,"column":93}},"65":{"start":{"line":143,"column":0},"end":{"line":143,"column":22}},"66":{"start":{"line":166,"column":2},"end":{"line":185,"column":null}},"67":{"start":{"line":167,"column":19},"end":{"line":167,"column":42}},"68":{"start":{"line":168,"column":32},"end":{"line":168,"column":40}},"69":{"start":{"line":170,"column":4},"end":{"line":172,"column":null}},"70":{"start":{"line":171,"column":6},"end":{"line":171,"column":81}},"71":{"start":{"line":174,"column":23},"end":{"line":174,"column":68}},"72":{"start":{"line":175,"column":21},"end":{"line":175,"column":54}},"73":{"start":{"line":177,"column":24},"end":{"line":180,"column":6}},"74":{"start":{"line":182,"column":4},"end":{"line":182,"column":113}},"75":{"start":{"line":184,"column":4},"end":{"line":184,"column":90}},"76":{"start":{"line":165,"column":0},"end":{"line":165,"column":22}},"77":{"start":{"line":190,"column":2},"end":{"line":211,"column":null}},"78":{"start":{"line":191,"column":19},"end":{"line":191,"column":42}},"79":{"start":{"line":193,"column":4},"end":{"line":195,"column":null}},"80":{"start":{"line":194,"column":6},"end":{"line":194,"column":66}},"81":{"start":{"line":197,"column":17},"end":{"line":200,"column":6}},"82":{"start":{"line":202,"column":4},"end":{"line":208,"column":null}},"83":{"start":{"line":203,"column":6},"end":{"line":203,"column":36}},"84":{"start":{"line":204,"column":6},"end":{"line":204,"column":25}},"85":{"start":{"line":206,"column":31},"end":{"line":206,"column":86}},"86":{"start":{"line":207,"column":6},"end":{"line":207,"column":37}},"87":{"start":{"line":210,"column":4},"end":{"line":210,"column":104}},"88":{"start":{"line":189,"column":0},"end":{"line":189,"column":22}}},"fnMap":{"0":{"name":"processPic","decl":{"start":{"line":10,"column":9},"end":{"line":10,"column":19}},"loc":{"start":{"line":10,"column":47},"end":{"line":18,"column":1}}},"1":{"name":"createUser","decl":{"start":{"line":21,"column":22},"end":{"line":21,"column":32}},"loc":{"start":{"line":21,"column":60},"end":{"line":70,"column":null}}},"2":{"name":"updatePass","decl":{"start":{"line":73,"column":22},"end":{"line":73,"column":32}},"loc":{"start":{"line":73,"column":60},"end":{"line":105,"column":null}}},"3":{"name":"updateUser","decl":{"start":{"line":108,"column":22},"end":{"line":108,"column":32}},"loc":{"start":{"line":108,"column":60},"end":{"line":140,"column":null}}},"4":{"name":"deleteUser","decl":{"start":{"line":143,"column":22},"end":{"line":143,"column":32}},"loc":{"start":{"line":143,"column":60},"end":{"line":161,"column":null}}},"5":{"name":"uploadProfilePicture","decl":{"start":{"line":165,"column":22},"end":{"line":165,"column":42}},"loc":{"start":{"line":165,"column":70},"end":{"line":186,"column":null}}},"6":{"name":"getProfilePicture","decl":{"start":{"line":189,"column":22},"end":{"line":189,"column":39}},"loc":{"start":{"line":189,"column":67},"end":{"line":212,"column":null}}}},"branchMap":{"0":{"loc":{"start":{"line":11,"column":2},"end":{"line":16,"column":null}},"type":"if","locations":[{"start":{"line":11,"column":2},"end":{"line":16,"column":null}},{"start":{"line":14,"column":9},"end":{"line":16,"column":null}}]},"1":{"loc":{"start":{"line":11,"column":6},"end":{"line":11,"column":61}},"type":"binary-expr","locations":[{"start":{"line":11,"column":6},"end":{"line":11,"column":29}},{"start":{"line":11,"column":33},"end":{"line":11,"column":61}}]},"2":{"loc":{"start":{"line":14,"column":9},"end":{"line":16,"column":null}},"type":"if","locations":[{"start":{"line":14,"column":9},"end":{"line":16,"column":null}}]},"3":{"loc":{"start":{"line":62,"column":4},"end":{"line":67,"column":null}},"type":"if","locations":[{"start":{"line":62,"column":4},"end":{"line":67,"column":null}}]},"4":{"loc":{"start":{"line":62,"column":8},"end":{"line":62,"column":118}},"type":"binary-expr","locations":[{"start":{"line":62,"column":8},"end":{"line":62,"column":33}},{"start":{"line":62,"column":37},"end":{"line":62,"column":51}},{"start":{"line":62,"column":55},"end":{"line":62,"column":70}},{"start":{"line":62,"column":75},"end":{"line":62,"column":118}}]},"5":{"loc":{"start":{"line":64,"column":6},"end":{"line":66,"column":null}},"type":"if","locations":[{"start":{"line":64,"column":6},"end":{"line":66,"column":null}}]},"6":{"loc":{"start":{"line":64,"column":10},"end":{"line":64,"column":41}},"type":"cond-expr","locations":[{"start":{"line":64,"column":22},"end":{"line":64,"column":24}},{"start":{"line":64,"column":22},"end":{"line":64,"column":41}}]},"7":{"loc":{"start":{"line":64,"column":10},"end":{"line":64,"column":24}},"type":"binary-expr","locations":[{"start":{"line":64,"column":10},"end":{"line":64,"column":24}},{"start":{"line":64,"column":22},"end":{"line":64,"column":24}}]},"8":{"loc":{"start":{"line":64,"column":10},"end":{"line":64,"column":22}},"type":"cond-expr","locations":[{"start":{"line":64,"column":14},"end":{"line":64,"column":16}},{"start":{"line":64,"column":10},"end":{"line":64,"column":22}}]},"9":{"loc":{"start":{"line":64,"column":10},"end":{"line":64,"column":16}},"type":"binary-expr","locations":[{"start":{"line":64,"column":10},"end":{"line":64,"column":16}},{"start":{"line":64,"column":10},"end":{"line":64,"column":16}}]},"10":{"loc":{"start":{"line":78,"column":4},"end":{"line":80,"column":null}},"type":"if","locations":[{"start":{"line":78,"column":4},"end":{"line":80,"column":null}}]},"11":{"loc":{"start":{"line":78,"column":8},"end":{"line":78,"column":72}},"type":"binary-expr","locations":[{"start":{"line":78,"column":8},"end":{"line":78,"column":23}},{"start":{"line":78,"column":27},"end":{"line":78,"column":46}},{"start":{"line":78,"column":50},"end":{"line":78,"column":72}}]},"12":{"loc":{"start":{"line":81,"column":4},"end":{"line":83,"column":null}},"type":"if","locations":[{"start":{"line":81,"column":4},"end":{"line":83,"column":null}}]},"13":{"loc":{"start":{"line":86,"column":4},"end":{"line":88,"column":null}},"type":"if","locations":[{"start":{"line":86,"column":4},"end":{"line":88,"column":null}}]},"14":{"loc":{"start":{"line":91,"column":4},"end":{"line":93,"column":null}},"type":"if","locations":[{"start":{"line":91,"column":4},"end":{"line":93,"column":null}}]},"15":{"loc":{"start":{"line":114,"column":4},"end":{"line":116,"column":null}},"type":"if","locations":[{"start":{"line":114,"column":4},"end":{"line":116,"column":null}}]},"16":{"loc":{"start":{"line":119,"column":4},"end":{"line":121,"column":null}},"type":"if","locations":[{"start":{"line":119,"column":4},"end":{"line":121,"column":null}}]},"17":{"loc":{"start":{"line":125,"column":18},"end":{"line":125,"column":57}},"type":"binary-expr","locations":[{"start":{"line":125,"column":18},"end":{"line":125,"column":32}},{"start":{"line":125,"column":36},"end":{"line":125,"column":57}}]},"18":{"loc":{"start":{"line":126,"column":19},"end":{"line":126,"column":60}},"type":"binary-expr","locations":[{"start":{"line":126,"column":19},"end":{"line":126,"column":34}},{"start":{"line":126,"column":38},"end":{"line":126,"column":60}}]},"19":{"loc":{"start":{"line":127,"column":15},"end":{"line":127,"column":48}},"type":"binary-expr","locations":[{"start":{"line":127,"column":15},"end":{"line":127,"column":26}},{"start":{"line":127,"column":30},"end":{"line":127,"column":48}}]},"20":{"loc":{"start":{"line":128,"column":18},"end":{"line":128,"column":35}},"type":"binary-expr","locations":[{"start":{"line":128,"column":18},"end":{"line":128,"column":22}},{"start":{"line":128,"column":26},"end":{"line":128,"column":35}}]},"21":{"loc":{"start":{"line":129,"column":17},"end":{"line":129,"column":54}},"type":"binary-expr","locations":[{"start":{"line":129,"column":17},"end":{"line":129,"column":30}},{"start":{"line":129,"column":34},"end":{"line":129,"column":54}}]},"22":{"loc":{"start":{"line":130,"column":13},"end":{"line":130,"column":54}},"type":"binary-expr","locations":[{"start":{"line":130,"column":13},"end":{"line":130,"column":34}},{"start":{"line":130,"column":38},"end":{"line":130,"column":54}}]},"23":{"loc":{"start":{"line":147,"column":4},"end":{"line":149,"column":null}},"type":"if","locations":[{"start":{"line":147,"column":4},"end":{"line":149,"column":null}}]},"24":{"loc":{"start":{"line":152,"column":4},"end":{"line":154,"column":null}},"type":"if","locations":[{"start":{"line":152,"column":4},"end":{"line":154,"column":null}}]},"25":{"loc":{"start":{"line":170,"column":4},"end":{"line":172,"column":null}},"type":"if","locations":[{"start":{"line":170,"column":4},"end":{"line":172,"column":null}}]},"26":{"loc":{"start":{"line":170,"column":8},"end":{"line":170,"column":27}},"type":"binary-expr","locations":[{"start":{"line":170,"column":8},"end":{"line":170,"column":14}},{"start":{"line":170,"column":18},"end":{"line":170,"column":27}}]},"27":{"loc":{"start":{"line":193,"column":4},"end":{"line":195,"column":null}},"type":"if","locations":[{"start":{"line":193,"column":4},"end":{"line":195,"column":null}}]},"28":{"loc":{"start":{"line":202,"column":4},"end":{"line":208,"column":null}},"type":"if","locations":[{"start":{"line":202,"column":4},"end":{"line":208,"column":null}},{"start":{"line":205,"column":11},"end":{"line":208,"column":null}}]},"29":{"loc":{"start":{"line":202,"column":8},"end":{"line":202,"column":36}},"type":"binary-expr","locations":[{"start":{"line":202,"column":8},"end":{"line":202,"column":17}},{"start":{"line":202,"column":21},"end":{"line":202,"column":34}}]},"30":{"loc":{"start":{"line":202,"column":8},"end":{"line":202,"column":17}},"type":"cond-expr","locations":[{"start":{"line":202,"column":12},"end":{"line":202,"column":14}},{"start":{"line":202,"column":8},"end":{"line":202,"column":17}}]},"31":{"loc":{"start":{"line":202,"column":8},"end":{"line":202,"column":14}},"type":"binary-expr","locations":[{"start":{"line":202,"column":8},"end":{"line":202,"column":14}},{"start":{"line":202,"column":8},"end":{"line":202,"column":14}}]},"32":{"loc":{"start":{"line":202,"column":21},"end":{"line":202,"column":34}},"type":"cond-expr","locations":[{"start":{"line":202,"column":25},"end":{"line":202,"column":27}},{"start":{"line":202,"column":21},"end":{"line":202,"column":34}}]},"33":{"loc":{"start":{"line":202,"column":21},"end":{"line":202,"column":27}},"type":"binary-expr","locations":[{"start":{"line":202,"column":21},"end":{"line":202,"column":27}},{"start":{"line":202,"column":21},"end":{"line":202,"column":27}}]}},"s":{"0":1,"1":1,"2":1,"3":1,"4":1,"5":3,"6":0,"7":0,"8":3,"9":0,"10":3,"11":2,"12":2,"13":2,"14":2,"15":1,"16":1,"17":1,"18":1,"19":1,"20":1,"21":1,"22":0,"23":1,"24":3,"25":3,"26":3,"27":3,"28":0,"29":3,"30":1,"31":2,"32":2,"33":1,"34":1,"35":1,"36":1,"37":0,"38":0,"39":0,"40":0,"41":1,"42":1,"43":1,"44":1,"45":1,"46":0,"47":1,"48":1,"49":0,"50":1,"51":1,"52":1,"53":0,"54":1,"55":3,"56":3,"57":3,"58":1,"59":2,"60":2,"61":1,"62":1,"63":1,"64":0,"65":1,"66":1,"67":1,"68":1,"69":1,"70":1,"71":0,"72":0,"73":0,"74":0,"75":0,"76":1,"77":0,"78":0,"79":0,"80":0,"81":0,"82":0,"83":0,"84":0,"85":0,"86":0,"87":0,"88":1},"f":{"0":3,"1":2,"2":3,"3":1,"4":3,"5":1,"6":0},"b":{"0":[0,3],"1":[3,0],"2":[0],"3":[1],"4":[1,1,1,1],"5":[1],"6":[0,1],"7":[1,1],"8":[0,1],"9":[1,1],"10":[0],"11":[3,3,3],"12":[1],"13":[1],"14":[1],"15":[0],"16":[0],"17":[1,0],"18":[1,1],"19":[1,1],"20":[1,1],"21":[1,0],"22":[1,1],"23":[1],"24":[1],"25":[1],"26":[1,0],"27":[0],"28":[0,0],"29":[0,0],"30":[0,0],"31":[0,0],"32":[0,0],"33":[0,0]}}
}
