TN:
SF:src\services\Trips.service.ts
FN:7,createTrip
FN:29,updateTrip
FN:52,deleteTrip
FNF:3
FNH:3
FNDA:5,createTrip
FNDA:1,updateTrip
FNDA:2,deleteTrip
DA:1,1
DA:3,1
DA:5,1
DA:7,1
DA:16,5
DA:29,1
DA:37,1
DA:38,1
DA:52,1
DA:53,2
DA:54,2
DA:55,2
DA:63,2
DA:70,2
DA:75,2
DA:80,2
DA:86,1
DA:88,1
DA:89,1
DA:91,0
DA:93,1
LF:21
LH:20
BRDA:24,0,0,5
BRDA:24,0,1,0
BRDA:24,1,0,5
BRDA:24,1,1,5
BRDA:37,2,0,0
BRDA:37,2,1,1
BRDA:43,3,0,0
BRDA:43,3,1,1
BRDA:44,4,0,0
BRDA:44,4,1,1
BRDA:88,5,0,1
BRDA:88,5,1,0
BRF:12
BRH:7
end_of_record
TN:
SF:src\services\Users.service.ts
FN:10,processPic
FN:21,createUser
FN:73,updatePass
FN:108,updateUser
FN:143,deleteUser
FN:165,uploadProfilePicture
FN:189,getProfilePicture
FNF:7
FNH:6
FNDA:3,processPic
FNDA:2,createUser
FNDA:3,updatePass
FNDA:1,updateUser
FNDA:3,deleteUser
FNDA:1,uploadProfilePicture
FNDA:0,getProfilePicture
DA:3,1
DA:4,1
DA:5,1
DA:6,1
DA:8,1
DA:11,3
DA:12,0
DA:13,0
DA:14,3
DA:15,0
DA:17,3
DA:21,1
DA:22,2
DA:23,2
DA:24,2
DA:26,2
DA:37,1
DA:46,1
DA:60,1
DA:62,1
DA:63,1
DA:64,1
DA:65,1
DA:68,0
DA:73,1
DA:74,3
DA:75,3
DA:76,3
DA:78,3
DA:79,0
DA:81,3
DA:82,1
DA:85,2
DA:86,2
DA:87,1
DA:90,1
DA:91,1
DA:92,1
DA:95,0
DA:96,0
DA:101,0
DA:103,0
DA:108,1
DA:109,1
DA:110,1
DA:111,1
DA:114,1
DA:115,0
DA:118,1
DA:119,1
DA:120,0
DA:123,1
DA:135,1
DA:136,1
DA:138,0
DA:143,1
DA:144,3
DA:145,3
DA:147,3
DA:148,1
DA:151,2
DA:152,2
DA:153,1
DA:156,1
DA:157,1
DA:159,0
DA:165,1
DA:166,1
DA:167,1
DA:168,1
DA:170,1
DA:171,1
DA:174,0
DA:175,0
DA:177,0
DA:182,0
DA:184,0
DA:189,1
DA:190,0
DA:191,0
DA:193,0
DA:194,0
DA:197,0
DA:202,0
DA:203,0
DA:204,0
DA:206,0
DA:207,0
DA:210,0
LF:89
LH:60
BRDA:11,0,0,0
BRDA:11,0,1,3
BRDA:11,1,0,3
BRDA:11,1,1,0
BRDA:14,2,0,0
BRDA:62,3,0,1
BRDA:62,4,0,1
BRDA:62,4,1,1
BRDA:62,4,2,1
BRDA:62,4,3,1
BRDA:64,5,0,1
BRDA:64,6,0,0
BRDA:64,6,1,1
BRDA:64,7,0,1
BRDA:64,7,1,1
BRDA:64,8,0,0
BRDA:64,8,1,1
BRDA:64,9,0,1
BRDA:64,9,1,1
BRDA:78,10,0,0
BRDA:78,11,0,3
BRDA:78,11,1,3
BRDA:78,11,2,3
BRDA:81,12,0,1
BRDA:86,13,0,1
BRDA:91,14,0,1
BRDA:114,15,0,0
BRDA:119,16,0,0
BRDA:125,17,0,1
BRDA:125,17,1,0
BRDA:126,18,0,1
BRDA:126,18,1,1
BRDA:127,19,0,1
BRDA:127,19,1,1
BRDA:128,20,0,1
BRDA:128,20,1,1
BRDA:129,21,0,1
BRDA:129,21,1,0
BRDA:130,22,0,1
BRDA:130,22,1,1
BRDA:147,23,0,1
BRDA:152,24,0,1
BRDA:170,25,0,1
BRDA:170,26,0,1
BRDA:170,26,1,0
BRDA:193,27,0,0
BRDA:202,28,0,0
BRDA:202,28,1,0
BRDA:202,29,0,0
BRDA:202,29,1,0
BRDA:202,30,0,0
BRDA:202,30,1,0
BRDA:202,31,0,0
BRDA:202,31,1,0
BRDA:202,32,0,0
BRDA:202,32,1,0
BRDA:202,33,0,0
BRDA:202,33,1,0
BRF:58
BRH:34
end_of_record
